<?xml version="1.0" encoding="UTF-8"?>
<coverage generated="1695201219417" clover="3.2.0">
  <project timestamp="1695201219417" name="All files">
    <metrics statements="17" coveredstatements="17" conditionals="0" coveredconditionals="0" methods="4" coveredmethods="4" elements="21" coveredelements="21" complexity="0" loc="17" ncloc="17" packages="1" files="1" classes="1"/>
    <file name="app.js" path="C:\Users\nacho\Desktop\pruebas-tecnicas\pruebas\02-bazar-universal\NachoVbordera\BACK\app.js">
      <metrics statements="17" coveredstatements="17" conditionals="0" coveredconditionals="0" methods="4" coveredmethods="4"/>
      <line num="1" count="2" type="stmt"/>
      <line num="2" count="2" type="stmt"/>
      <line num="3" count="2" type="stmt"/>
      <line num="4" count="2" type="stmt"/>
      <line num="6" count="2" type="stmt"/>
      <line num="7" count="2" type="stmt"/>
      <line num="9" count="2" type="stmt"/>
      <line num="10" count="3" type="stmt"/>
      <line num="11" count="3" type="stmt"/>
      <line num="12" count="90" type="stmt"/>
      <line num="14" count="3" type="stmt"/>
      <line num="17" count="2" type="stmt"/>
      <line num="18" count="2" type="stmt"/>
      <line num="19" count="2" type="stmt"/>
      <line num="20" count="60" type="stmt"/>
      <line num="22" count="2" type="stmt"/>
      <line num="24" count="2" type="stmt"/>
    </file>
  </project>
</coverage>
